<component name="libraryTable">
  <library name="junit-4.9">
    <CLASSES>
      <root url="jar://$PROJECT_DIR$/web/WEB-INF/lib/junit-4.9.jar!/" />
      <root url="jar://$PROJECT_DIR$/web/WEB-INF/lib/log4j-1.2.17.jar!/" />
      <root url="jar://$PROJECT_DIR$/web/WEB-INF/lib/mybatis-3.5.3.jar!/" />
      <root url="jar://$PROJECT_DIR$/web/WEB-INF/lib/mysql-connector-java-5.1.37-bin.jar!/" />
    </CLASSES>
    <JAVADOC />
    <SOURCES />
  </library>
</component>